2026-02-19 11:22:05,851 - __main__ - INFO - Loaded state: 1 chats, 0 DM users, 2 used questions
2026-02-19 11:22:05,924 - apscheduler.scheduler - INFO - Adding job tentatively -- it will be properly scheduled when the scheduler starts
2026-02-19 11:22:05,924 - apscheduler.scheduler - INFO - Adding job tentatively -- it will be properly scheduled when the scheduler starts
2026-02-19 11:22:05,924 - apscheduler.scheduler - INFO - Adding job tentatively -- it will be properly scheduled when the scheduler starts
2026-02-19 11:22:05,924 - apscheduler.scheduler - INFO - Adding job tentatively -- it will be properly scheduled when the scheduler starts
2026-02-19 11:22:05,924 - __main__ - INFO - Starting SunPokerQuizBot...
2026-02-19 11:22:05,924 - __main__ - INFO - Quiz times: 06:00 KST (21:00 UTC), 18:00 KST (09:00 UTC)
2026-02-19 11:22:05,924 - __main__ - INFO - Explanation times: 05:50 KST (20:50 UTC), 17:50 KST (08:50 UTC)
2026-02-19 11:22:06,608 - httpx - INFO - HTTP Request: POST https://api.telegram.org/bot7997880872:AAEXPmbL_cLursscD32lmCVhbSkJXHK91-s/getMe "HTTP/1.1 200 OK"
2026-02-19 11:22:06,835 - httpx - INFO - HTTP Request: POST https://api.telegram.org/bot7997880872:AAEXPmbL_cLursscD32lmCVhbSkJXHK91-s/deleteWebhook "HTTP/1.1 200 OK"
2026-02-19 11:22:06,836 - apscheduler.scheduler - INFO - Added job "quiz_21_0" to job store "default"
2026-02-19 11:22:06,836 - apscheduler.scheduler - INFO - Added job "quiz_9_0" to job store "default"
2026-02-19 11:22:06,836 - apscheduler.scheduler - INFO - Added job "explain_20_50" to job store "default"
2026-02-19 11:22:06,836 - apscheduler.scheduler - INFO - Added job "explain_8_50" to job store "default"
2026-02-19 11:22:06,836 - apscheduler.scheduler - INFO - Scheduler started
2026-02-19 11:22:06,836 - telegram.ext.Application - INFO - Application started
2026-02-19 11:22:07,511 - httpx - INFO - HTTP Request: POST https://api.telegram.org/bot7997880872:AAEXPmbL_cLursscD32lmCVhbSkJXHK91-s/getUpdates "HTTP/1.1 200 OK"
2026-02-19 11:22:07,905 - httpx - INFO - HTTP Request: POST https://api.telegram.org/bot7997880872:AAEXPmbL_cLursscD32lmCVhbSkJXHK91-s/answerCallbackQuery "HTTP/1.1 200 OK"
2026-02-19 11:22:14,308 - httpx - INFO - HTTP Request: POST https://api.telegram.org/bot7997880872:AAEXPmbL_cLursscD32lmCVhbSkJXHK91-s/getUpdates "HTTP/1.1 200 OK"
2026-02-19 11:22:14,900 - httpx - INFO - HTTP Request: POST https://api.telegram.org/bot7997880872:AAEXPmbL_cLursscD32lmCVhbSkJXHK91-s/getUpdates "HTTP/1.1 200 OK"
2026-02-19 11:22:16,280 - httpx - INFO - HTTP Request: POST https://api.telegram.org/bot7997880872:AAEXPmbL_cLursscD32lmCVhbSkJXHK91-s/getUpdates "HTTP/1.1 200 OK"
2026-02-19 11:22:17,139 - httpx - INFO - HTTP Request: POST https://api.telegram.org/bot7997880872:AAEXPmbL_cLursscD32lmCVhbSkJXHK91-s/answerCallbackQuery "HTTP/1.1 200 OK"
2026-02-19 11:22:17,334 - httpx - INFO - HTTP Request: POST https://api.telegram.org/bot7997880872:AAEXPmbL_cLursscD32lmCVhbSkJXHK91-s/getUpdates "HTTP/1.1 200 OK"
2026-02-19 11:22:19,823 - httpx - INFO - HTTP Request: POST https://api.telegram.org/bot7997880872:AAEXPmbL_cLursscD32lmCVhbSkJXHK91-s/getUpdates "HTTP/1.1 200 OK"
