2026-02-19 13:01:24,022 - __main__ - INFO - Loaded state: 1 chats, 0 DM users, 3 used questions
2026-02-19 13:01:24,093 - apscheduler.scheduler - INFO - Adding job tentatively -- it will be properly scheduled when the scheduler starts
2026-02-19 13:01:24,093 - apscheduler.scheduler - INFO - Adding job tentatively -- it will be properly scheduled when the scheduler starts
2026-02-19 13:01:24,094 - apscheduler.scheduler - INFO - Adding job tentatively -- it will be properly scheduled when the scheduler starts
2026-02-19 13:01:24,094 - apscheduler.scheduler - INFO - Adding job tentatively -- it will be properly scheduled when the scheduler starts
2026-02-19 13:01:24,094 - __main__ - INFO - Starting SunPokerQuizBot...
2026-02-19 13:01:24,094 - __main__ - INFO - Quiz times: 06:00 KST (21:00 UTC), 18:00 KST (09:00 UTC)
2026-02-19 13:01:24,094 - __main__ - INFO - Explanation times: 05:50 KST (20:50 UTC), 17:50 KST (08:50 UTC)
2026-02-19 13:01:24,776 - httpx - INFO - HTTP Request: POST https://api.telegram.org/bot7997880872:AAEXPmbL_cLursscD32lmCVhbSkJXHK91-s/getMe "HTTP/1.1 200 OK"
2026-02-19 13:01:25,002 - httpx - INFO - HTTP Request: POST https://api.telegram.org/bot7997880872:AAEXPmbL_cLursscD32lmCVhbSkJXHK91-s/deleteWebhook "HTTP/1.1 200 OK"
2026-02-19 13:01:25,003 - apscheduler.scheduler - INFO - Added job "quiz_21_0" to job store "default"
2026-02-19 13:01:25,003 - apscheduler.scheduler - INFO - Added job "quiz_9_0" to job store "default"
2026-02-19 13:01:25,004 - apscheduler.scheduler - INFO - Added job "explain_20_50" to job store "default"
2026-02-19 13:01:25,004 - apscheduler.scheduler - INFO - Added job "explain_8_50" to job store "default"
2026-02-19 13:01:25,004 - apscheduler.scheduler - INFO - Scheduler started
2026-02-19 13:01:25,004 - telegram.ext.Application - INFO - Application started
2026-02-19 13:01:25,694 - httpx - INFO - HTTP Request: POST https://api.telegram.org/bot7997880872:AAEXPmbL_cLursscD32lmCVhbSkJXHK91-s/getUpdates "HTTP/1.1 200 OK"
2026-02-19 13:01:26,143 - httpx - INFO - HTTP Request: POST https://api.telegram.org/bot7997880872:AAEXPmbL_cLursscD32lmCVhbSkJXHK91-s/sendMessage "HTTP/1.1 200 OK"
2026-02-19 13:01:35,922 - httpx - INFO - HTTP Request: POST https://api.telegram.org/bot7997880872:AAEXPmbL_cLursscD32lmCVhbSkJXHK91-s/getUpdates "HTTP/1.1 200 OK"
2026-02-19 13:01:46,148 - httpx - INFO - HTTP Request: POST https://api.telegram.org/bot7997880872:AAEXPmbL_cLursscD32lmCVhbSkJXHK91-s/getUpdates "HTTP/1.1 200 OK"
2026-02-19 13:01:56,373 - httpx - INFO - HTTP Request: POST https://api.telegram.org/bot7997880872:AAEXPmbL_cLursscD32lmCVhbSkJXHK91-s/getUpdates "HTTP/1.1 200 OK"
2026-02-19 13:02:06,599 - httpx - INFO - HTTP Request: POST https://api.telegram.org/bot7997880872:AAEXPmbL_cLursscD32lmCVhbSkJXHK91-s/getUpdates "HTTP/1.1 200 OK"
2026-02-19 13:02:16,824 - httpx - INFO - HTTP Request: POST https://api.telegram.org/bot7997880872:AAEXPmbL_cLursscD32lmCVhbSkJXHK91-s/getUpdates "HTTP/1.1 200 OK"
2026-02-19 13:02:27,049 - httpx - INFO - HTTP Request: POST https://api.telegram.org/bot7997880872:AAEXPmbL_cLursscD32lmCVhbSkJXHK91-s/getUpdates "HTTP/1.1 200 OK"
2026-02-19 13:02:37,274 - httpx - INFO - HTTP Request: POST https://api.telegram.org/bot7997880872:AAEXPmbL_cLursscD32lmCVhbSkJXHK91-s/getUpdates "HTTP/1.1 200 OK"
2026-02-19 13:02:47,499 - httpx - INFO - HTTP Request: POST https://api.telegram.org/bot7997880872:AAEXPmbL_cLursscD32lmCVhbSkJXHK91-s/getUpdates "HTTP/1.1 200 OK"
2026-02-19 13:02:57,724 - httpx - INFO - HTTP Request: POST https://api.telegram.org/bot7997880872:AAEXPmbL_cLursscD32lmCVhbSkJXHK91-s/getUpdates "HTTP/1.1 200 OK"
2026-02-19 13:03:07,949 - httpx - INFO - HTTP Request: POST https://api.telegram.org/bot7997880872:AAEXPmbL_cLursscD32lmCVhbSkJXHK91-s/getUpdates "HTTP/1.1 200 OK"
2026-02-19 13:03:18,175 - httpx - INFO - HTTP Request: POST https://api.telegram.org/bot7997880872:AAEXPmbL_cLursscD32lmCVhbSkJXHK91-s/getUpdates "HTTP/1.1 200 OK"
2026-02-19 13:03:28,400 - httpx - INFO - HTTP Request: POST https://api.telegram.org/bot7997880872:AAEXPmbL_cLursscD32lmCVhbSkJXHK91-s/getUpdates "HTTP/1.1 200 OK"
2026-02-19 13:03:38,625 - httpx - INFO - HTTP Request: POST https://api.telegram.org/bot7997880872:AAEXPmbL_cLursscD32lmCVhbSkJXHK91-s/getUpdates "HTTP/1.1 200 OK"
2026-02-19 13:03:48,850 - httpx - INFO - HTTP Request: POST https://api.telegram.org/bot7997880872:AAEXPmbL_cLursscD32lmCVhbSkJXHK91-s/getUpdates "HTTP/1.1 200 OK"
2026-02-19 13:03:59,075 - httpx - INFO - HTTP Request: POST https://api.telegram.org/bot7997880872:AAEXPmbL_cLursscD32lmCVhbSkJXHK91-s/getUpdates "HTTP/1.1 200 OK"
2026-02-19 13:04:09,300 - httpx - INFO - HTTP Request: POST https://api.telegram.org/bot7997880872:AAEXPmbL_cLursscD32lmCVhbSkJXHK91-s/getUpdates "HTTP/1.1 200 OK"
2026-02-19 13:04:19,525 - httpx - INFO - HTTP Request: POST https://api.telegram.org/bot7997880872:AAEXPmbL_cLursscD32lmCVhbSkJXHK91-s/getUpdates "HTTP/1.1 200 OK"
2026-02-19 13:04:29,751 - httpx - INFO - HTTP Request: POST https://api.telegram.org/bot7997880872:AAEXPmbL_cLursscD32lmCVhbSkJXHK91-s/getUpdates "HTTP/1.1 200 OK"
2026-02-19 13:04:39,976 - httpx - INFO - HTTP Request: POST https://api.telegram.org/bot7997880872:AAEXPmbL_cLursscD32lmCVhbSkJXHK91-s/getUpdates "HTTP/1.1 200 OK"
2026-02-19 13:04:50,201 - httpx - INFO - HTTP Request: POST https://api.telegram.org/bot7997880872:AAEXPmbL_cLursscD32lmCVhbSkJXHK91-s/getUpdates "HTTP/1.1 200 OK"
2026-02-19 13:05:00,426 - httpx - INFO - HTTP Request: POST https://api.telegram.org/bot7997880872:AAEXPmbL_cLursscD32lmCVhbSkJXHK91-s/getUpdates "HTTP/1.1 200 OK"
2026-02-19 13:05:10,651 - httpx - INFO - HTTP Request: POST https://api.telegram.org/bot7997880872:AAEXPmbL_cLursscD32lmCVhbSkJXHK91-s/getUpdates "HTTP/1.1 200 OK"
2026-02-19 13:05:20,877 - httpx - INFO - HTTP Request: POST https://api.telegram.org/bot7997880872:AAEXPmbL_cLursscD32lmCVhbSkJXHK91-s/getUpdates "HTTP/1.1 200 OK"
2026-02-19 13:05:31,102 - httpx - INFO - HTTP Request: POST https://api.telegram.org/bot7997880872:AAEXPmbL_cLursscD32lmCVhbSkJXHK91-s/getUpdates "HTTP/1.1 200 OK"
2026-02-19 13:05:41,329 - httpx - INFO - HTTP Request: POST https://api.telegram.org/bot7997880872:AAEXPmbL_cLursscD32lmCVhbSkJXHK91-s/getUpdates "HTTP/1.1 200 OK"
2026-02-19 13:05:51,554 - httpx - INFO - HTTP Request: POST https://api.telegram.org/bot7997880872:AAEXPmbL_cLursscD32lmCVhbSkJXHK91-s/getUpdates "HTTP/1.1 200 OK"
2026-02-19 13:06:01,779 - httpx - INFO - HTTP Request: POST https://api.telegram.org/bot7997880872:AAEXPmbL_cLursscD32lmCVhbSkJXHK91-s/getUpdates "HTTP/1.1 200 OK"
2026-02-19 13:06:12,005 - httpx - INFO - HTTP Request: POST https://api.telegram.org/bot7997880872:AAEXPmbL_cLursscD32lmCVhbSkJXHK91-s/getUpdates "HTTP/1.1 200 OK"
2026-02-19 13:06:22,229 - httpx - INFO - HTTP Request: POST https://api.telegram.org/bot7997880872:AAEXPmbL_cLursscD32lmCVhbSkJXHK91-s/getUpdates "HTTP/1.1 200 OK"
2026-02-19 13:06:32,455 - httpx - INFO - HTTP Request: POST https://api.telegram.org/bot7997880872:AAEXPmbL_cLursscD32lmCVhbSkJXHK91-s/getUpdates "HTTP/1.1 200 OK"
2026-02-19 13:06:42,680 - httpx - INFO - HTTP Request: POST https://api.telegram.org/bot7997880872:AAEXPmbL_cLursscD32lmCVhbSkJXHK91-s/getUpdates "HTTP/1.1 200 OK"
2026-02-19 13:06:52,906 - httpx - INFO - HTTP Request: POST https://api.telegram.org/bot7997880872:AAEXPmbL_cLursscD32lmCVhbSkJXHK91-s/getUpdates "HTTP/1.1 200 OK"
2026-02-19 13:07:03,131 - httpx - INFO - HTTP Request: POST https://api.telegram.org/bot7997880872:AAEXPmbL_cLursscD32lmCVhbSkJXHK91-s/getUpdates "HTTP/1.1 200 OK"
2026-02-19 13:07:13,357 - httpx - INFO - HTTP Request: POST https://api.telegram.org/bot7997880872:AAEXPmbL_cLursscD32lmCVhbSkJXHK91-s/getUpdates "HTTP/1.1 200 OK"
2026-02-19 13:07:23,582 - httpx - INFO - HTTP Request: POST https://api.telegram.org/bot7997880872:AAEXPmbL_cLursscD32lmCVhbSkJXHK91-s/getUpdates "HTTP/1.1 200 OK"
2026-02-19 13:07:31,580 - httpx - INFO - HTTP Request: POST https://api.telegram.org/bot7997880872:AAEXPmbL_cLursscD32lmCVhbSkJXHK91-s/getUpdates "HTTP/1.1 200 OK"
2026-02-19 13:07:32,541 - httpx - INFO - HTTP Request: POST https://api.telegram.org/bot7997880872:AAEXPmbL_cLursscD32lmCVhbSkJXHK91-s/sendMessage "HTTP/1.1 200 OK"
2026-02-19 13:07:32,542 - __main__ - INFO - Quiz #32 sent to chat -5162511716
2026-02-19 13:07:41,807 - httpx - INFO - HTTP Request: POST https://api.telegram.org/bot7997880872:AAEXPmbL_cLursscD32lmCVhbSkJXHK91-s/getUpdates "HTTP/1.1 200 OK"
2026-02-19 13:07:45,146 - httpx - INFO - HTTP Request: POST https://api.telegram.org/bot7997880872:AAEXPmbL_cLursscD32lmCVhbSkJXHK91-s/getUpdates "HTTP/1.1 200 OK"
2026-02-19 13:07:55,372 - httpx - INFO - HTTP Request: POST https://api.telegram.org/bot7997880872:AAEXPmbL_cLursscD32lmCVhbSkJXHK91-s/getUpdates "HTTP/1.1 200 OK"
2026-02-19 13:08:05,597 - httpx - INFO - HTTP Request: POST https://api.telegram.org/bot7997880872:AAEXPmbL_cLursscD32lmCVhbSkJXHK91-s/getUpdates "HTTP/1.1 200 OK"
2026-02-19 13:08:15,823 - httpx - INFO - HTTP Request: POST https://api.telegram.org/bot7997880872:AAEXPmbL_cLursscD32lmCVhbSkJXHK91-s/getUpdates "HTTP/1.1 200 OK"
2026-02-19 13:08:17,946 - httpx - INFO - HTTP Request: POST https://api.telegram.org/bot7997880872:AAEXPmbL_cLursscD32lmCVhbSkJXHK91-s/getUpdates "HTTP/1.1 200 OK"
2026-02-19 13:08:27,059 - httpx - INFO - HTTP Request: POST https://api.telegram.org/bot7997880872:AAEXPmbL_cLursscD32lmCVhbSkJXHK91-s/getUpdates "HTTP/1.1 200 OK"
2026-02-19 13:08:37,284 - httpx - INFO - HTTP Request: POST https://api.telegram.org/bot7997880872:AAEXPmbL_cLursscD32lmCVhbSkJXHK91-s/getUpdates "HTTP/1.1 200 OK"
2026-02-19 13:08:47,509 - httpx - INFO - HTTP Request: POST https://api.telegram.org/bot7997880872:AAEXPmbL_cLursscD32lmCVhbSkJXHK91-s/getUpdates "HTTP/1.1 200 OK"
2026-02-19 13:08:57,734 - httpx - INFO - HTTP Request: POST https://api.telegram.org/bot7997880872:AAEXPmbL_cLursscD32lmCVhbSkJXHK91-s/getUpdates "HTTP/1.1 200 OK"
2026-02-19 13:09:04,474 - httpx - INFO - HTTP Request: POST https://api.telegram.org/bot7997880872:AAEXPmbL_cLursscD32lmCVhbSkJXHK91-s/getUpdates "HTTP/1.1 200 OK"
2026-02-19 13:09:07,389 - httpx - INFO - HTTP Request: POST https://api.telegram.org/bot7997880872:AAEXPmbL_cLursscD32lmCVhbSkJXHK91-s/getUpdates "HTTP/1.1 200 OK"
2026-02-19 13:09:17,614 - httpx - INFO - HTTP Request: POST https://api.telegram.org/bot7997880872:AAEXPmbL_cLursscD32lmCVhbSkJXHK91-s/getUpdates "HTTP/1.1 200 OK"
2026-02-19 13:09:27,840 - httpx - INFO - HTTP Request: POST https://api.telegram.org/bot7997880872:AAEXPmbL_cLursscD32lmCVhbSkJXHK91-s/getUpdates "HTTP/1.1 200 OK"
2026-02-19 13:09:30,374 - httpx - INFO - HTTP Request: POST https://api.telegram.org/bot7997880872:AAEXPmbL_cLursscD32lmCVhbSkJXHK91-s/getUpdates "HTTP/1.1 200 OK"
2026-02-19 13:09:32,882 - httpx - INFO - HTTP Request: POST https://api.telegram.org/bot7997880872:AAEXPmbL_cLursscD32lmCVhbSkJXHK91-s/getUpdates "HTTP/1.1 200 OK"
2026-02-19 13:09:33,739 - httpx - INFO - HTTP Request: POST https://api.telegram.org/bot7997880872:AAEXPmbL_cLursscD32lmCVhbSkJXHK91-s/answerCallbackQuery "HTTP/1.1 200 OK"
2026-02-19 13:09:34,147 - httpx - INFO - HTTP Request: POST https://api.telegram.org/bot7997880872:AAEXPmbL_cLursscD32lmCVhbSkJXHK91-s/sendMessage "HTTP/1.1 200 OK"
2026-02-19 13:09:34,149 - apscheduler.scheduler - INFO - Added job "delete_message" to job store "default"
2026-02-19 13:09:34,149 - __main__ - INFO - User honglee1 answered Q#32: wrong
2026-02-19 13:09:41,465 - httpx - INFO - HTTP Request: POST https://api.telegram.org/bot7997880872:AAEXPmbL_cLursscD32lmCVhbSkJXHK91-s/getUpdates "HTTP/1.1 200 OK"
2026-02-19 13:09:44,151 - apscheduler.scheduler - INFO - Removed job 8fc4e7d84e46466dab6d596026a37914
2026-02-19 13:09:44,151 - apscheduler.executors.default - INFO - Running job "delete_message (trigger: date[2026-02-19 13:09:44 UTC], next run at: 2026-02-19 13:09:44 UTC)" (scheduled at 2026-02-19 13:09:44.148694+00:00)
2026-02-19 13:09:45,023 - httpx - INFO - HTTP Request: POST https://api.telegram.org/bot7997880872:AAEXPmbL_cLursscD32lmCVhbSkJXHK91-s/deleteMessage "HTTP/1.1 200 OK"
2026-02-19 13:09:45,024 - apscheduler.executors.default - INFO - Job "delete_message (trigger: date[2026-02-19 13:09:44 UTC], next run at: 2026-02-19 13:09:44 UTC)" executed successfully
2026-02-19 13:09:51,690 - httpx - INFO - HTTP Request: POST https://api.telegram.org/bot7997880872:AAEXPmbL_cLursscD32lmCVhbSkJXHK91-s/getUpdates "HTTP/1.1 200 OK"
2026-02-19 13:10:01,915 - httpx - INFO - HTTP Request: POST https://api.telegram.org/bot7997880872:AAEXPmbL_cLursscD32lmCVhbSkJXHK91-s/getUpdates "HTTP/1.1 200 OK"
2026-02-19 13:10:12,141 - httpx - INFO - HTTP Request: POST https://api.telegram.org/bot7997880872:AAEXPmbL_cLursscD32lmCVhbSkJXHK91-s/getUpdates "HTTP/1.1 200 OK"
2026-02-19 13:10:22,366 - httpx - INFO - HTTP Request: POST https://api.telegram.org/bot7997880872:AAEXPmbL_cLursscD32lmCVhbSkJXHK91-s/getUpdates "HTTP/1.1 200 OK"
2026-02-19 13:10:32,591 - httpx - INFO - HTTP Request: POST https://api.telegram.org/bot7997880872:AAEXPmbL_cLursscD32lmCVhbSkJXHK91-s/getUpdates "HTTP/1.1 200 OK"
2026-02-19 13:10:42,817 - httpx - INFO - HTTP Request: POST https://api.telegram.org/bot7997880872:AAEXPmbL_cLursscD32lmCVhbSkJXHK91-s/getUpdates "HTTP/1.1 200 OK"
2026-02-19 13:10:53,043 - httpx - INFO - HTTP Request: POST https://api.telegram.org/bot7997880872:AAEXPmbL_cLursscD32lmCVhbSkJXHK91-s/getUpdates "HTTP/1.1 200 OK"
2026-02-19 13:11:03,269 - httpx - INFO - HTTP Request: POST https://api.telegram.org/bot7997880872:AAEXPmbL_cLursscD32lmCVhbSkJXHK91-s/getUpdates "HTTP/1.1 200 OK"
2026-02-19 13:11:11,122 - httpx - INFO - HTTP Request: POST https://api.telegram.org/bot7997880872:AAEXPmbL_cLursscD32lmCVhbSkJXHK91-s/getUpdates "HTTP/1.1 200 OK"
2026-02-19 13:11:21,349 - httpx - INFO - HTTP Request: POST https://api.telegram.org/bot7997880872:AAEXPmbL_cLursscD32lmCVhbSkJXHK91-s/getUpdates "HTTP/1.1 200 OK"
2026-02-19 13:11:31,575 - httpx - INFO - HTTP Request: POST https://api.telegram.org/bot7997880872:AAEXPmbL_cLursscD32lmCVhbSkJXHK91-s/getUpdates "HTTP/1.1 200 OK"
2026-02-19 13:11:41,800 - httpx - INFO - HTTP Request: POST https://api.telegram.org/bot7997880872:AAEXPmbL_cLursscD32lmCVhbSkJXHK91-s/getUpdates "HTTP/1.1 200 OK"
2026-02-19 13:11:52,027 - httpx - INFO - HTTP Request: POST https://api.telegram.org/bot7997880872:AAEXPmbL_cLursscD32lmCVhbSkJXHK91-s/getUpdates "HTTP/1.1 200 OK"
2026-02-19 13:12:02,253 - httpx - INFO - HTTP Request: POST https://api.telegram.org/bot7997880872:AAEXPmbL_cLursscD32lmCVhbSkJXHK91-s/getUpdates "HTTP/1.1 200 OK"
2026-02-19 13:12:12,479 - httpx - INFO - HTTP Request: POST https://api.telegram.org/bot7997880872:AAEXPmbL_cLursscD32lmCVhbSkJXHK91-s/getUpdates "HTTP/1.1 200 OK"
2026-02-19 13:12:22,705 - httpx - INFO - HTTP Request: POST https://api.telegram.org/bot7997880872:AAEXPmbL_cLursscD32lmCVhbSkJXHK91-s/getUpdates "HTTP/1.1 200 OK"
